C:\Users\HP15-ZBOOK\OneDrive\Documents\KAKANUI RIVER SURVEY\Kakanui-River-Survey-2021\KakanuiXS Lines 1 to 18 - KA Series Lines____.dwg,Model,22/07/2021 12:07:51 AM,HP15-ZBOOK,AutoCAD PDF (High Quality Print).pc3,ISO A3 (297.00 x 420.00 MM),1:800,
C:\Users\HP15-ZBOOK\OneDrive\Documents\KAKANUI RIVER SURVEY\Kakanui-River-Survey-2021\KAKANUI_2021____K Series Lines.dwg,Model,22/07/2021 1:27:43 PM,HP15-ZBOOK,AutoCAD PDF (High Quality Print).pc3,ISO A3 (297.00 x 420.00 MM),1:2400,
C:\Users\HP15-ZBOOK\OneDrive\Documents\KAKANUI RIVER SURVEY\Kakanui-River-Survey-2021\KakanuiXS Lines 1 to 18 - KA Series Lines____.dwg,Model,22/07/2021 1:47:32 PM,HP15-ZBOOK,AutoCAD PDF (High Quality Print).pc3,ISO A3 (297.00 x 420.00 MM),1:2400,
C:\Users\HP15-ZBOOK\OneDrive\Documents\KAKANUI RIVER SURVEY\Kakanui-River-Survey-2021\KakanuiXS Lines 1 to 18 - KA Series Lines____.dwg,Model,22/07/2021 2:53:00 PM,HP15-ZBOOK,AutoCAD PDF (High Quality Print).pc3,ISO A3 (297.00 x 420.00 MM),1:800,
C:\Users\HP15-ZBOOK\OneDrive\Documents\KAKANUI RIVER SURVEY\Kakanui-River-Survey-2021\KakanuiXS Lines 1 to 18 - KA Series Lines____.dwg,Model,23/07/2021 5:02:27 PM,HP15-ZBOOK,AutoCAD PDF (High Quality Print).pc3,ISO A3 (297.00 x 420.00 MM),1:800,
C:\Users\HP15-ZBOOK\OneDrive\Documents\KAKANUI RIVER SURVEY\Kakanui-River-Survey-2021\KakanuiXS Lines 1 to 18 - KA Series Lines____.dwg,Model,23/07/2021 5:13:28 PM,HP15-ZBOOK,AutoCAD PDF (High Quality Print).pc3,ISO A3 (297.00 x 420.00 MM),1:800,
C:\Users\HP15-ZBOOK\OneDrive\Documents\KAKANUI RIVER SURVEY\Kakanui-River-Survey-2021\KakanuiXS Lines 1 to 18 - KA Series Lines____.dwg,Model,23/07/2021 5:17:15 PM,HP15-ZBOOK,AutoCAD PDF (High Quality Print).pc3,ISO A3 (297.00 x 420.00 MM),1:800,
C:\Users\HP15-ZBOOK\OneDrive\Documents\KAKANUI RIVER SURVEY\Kakanui-River-Survey-2021\KakanuiXS Lines 1 to 18 - KA Series Lines____.dwg,Model,23/07/2021 5:30:17 PM,HP15-ZBOOK,AutoCAD PDF (High Quality Print).pc3,ISO A3 (297.00 x 420.00 MM),1:800,
C:\Users\HP15-ZBOOK\OneDrive\Documents\KAKANUI RIVER SURVEY\Kakanui-River-Survey-2021\___KakanuiXS Lines 19  to 46 - KA Series Lines____.dwg,Model,28/07/2021 5:08:55 PM,HP15-ZBOOK,AutoCAD PDF (High Quality Print).pc3,ISO A3 (297.00 x 420.00 MM),1:800,
C:\Users\HP15-ZBOOK\OneDrive\Documents\KAKANUI RIVER SURVEY\Kakanui-River-Survey-2021\___KakanuiXS Lines 19  to 46 - KA Series Lines____.dwg,Model,28/07/2021 5:09:52 PM,HP15-ZBOOK,AutoCAD PDF (High Quality Print).pc3,ISO A3 (297.00 x 420.00 MM),1:800,
C:\Users\HP15-ZBOOK\OneDrive\Documents\KAKANUI RIVER SURVEY\Kakanui-River-Survey-2021\___KakanuiXS Lines 19  to 46 - KA Series Lines____.dwg,Model,29/07/2021 5:17:42 PM,HP15-ZBOOK,AutoCAD PDF (High Quality Print).pc3,ISO A3 (297.00 x 420.00 MM),1:800,
C:\Users\HP15-ZBOOK\OneDrive\Documents\KAKANUI RIVER SURVEY\Kakanui-River-Survey-2021\___KakanuiXS Lines 19  to 46 - KA Series Lines____.dwg,Model,29/07/2021 5:27:03 PM,HP15-ZBOOK,AutoCAD PDF (High Quality Print).pc3,ISO A3 (297.00 x 420.00 MM),1:800,
C:\Users\HP15-ZBOOK\OneDrive\Documents\KAKANUI RIVER SURVEY\Kakanui-River-Survey-2021\___KakanuiXS Lines 19  to 46 - KA Series Lines____.dwg,Model,29/07/2021 5:29:38 PM,HP15-ZBOOK,AutoCAD PDF (High Quality Print).pc3,ISO A3 (297.00 x 420.00 MM),1:800,
C:\Users\HP15-ZBOOK\OneDrive\Documents\KAKANUI RIVER SURVEY\Kakanui-River-Survey-2021\KakanuiXS Lines 1 to 18 - KA Series Lines___BAK.dwg,Model,29/07/2021 6:12:00 PM,HP15-ZBOOK,AutoCAD PDF (High Quality Print).pc3,ISO A3 (297.00 x 420.00 MM),1:800,
C:\Users\HP15-ZBOOK\OneDrive\Documents\KAKANUI RIVER SURVEY\Kakanui-River-Survey-2021\KakanuiXS Lines 1 to 18 - KA Series Lines___BAK.dwg,Model,29/07/2021 6:30:35 PM,HP15-ZBOOK,AutoCAD PDF (High Quality Print).pc3,ISO A3 (297.00 x 420.00 MM),1:800,
C:\Users\HP15-ZBOOK\OneDrive\Documents\KAKANUI RIVER SURVEY\Kakanui-River-Survey-2021\KakanuiXS Lines 1 to 18 - KA Series Lines___BAK.dwg,Model,29/07/2021 6:33:19 PM,HP15-ZBOOK,AutoCAD PDF (High Quality Print).pc3,ISO A3 (297.00 x 420.00 MM),1:800,
C:\Users\HP15-ZBOOK\OneDrive\Documents\KAKANUI RIVER SURVEY\Kakanui-River-Survey-2021\KakanuiXS Lines 1 to 18 - KA Series Lines___BAK.dwg,Model,29/07/2021 6:34:39 PM,HP15-ZBOOK,AutoCAD PDF (High Quality Print).pc3,ISO A3 (297.00 x 420.00 MM),1:800,
C:\Users\HP15-ZBOOK\OneDrive\Documents\KAKANUI RIVER SURVEY\Kakanui-River-Survey-2021\___KakanuiXS Lines 19  to 46 - KA Series Lines_____My working copy.dwg,Model,30/07/2021 4:15:57 PM,HP15-ZBOOK,AutoCAD PDF (High Quality Print).pc3,ISO A3 (297.00 x 420.00 MM),1:800,
C:\Users\HP15-ZBOOK\OneDrive\Documents\KAKANUI RIVER SURVEY\Kakanui-River-Survey-2021\___KakanuiXS Lines 19  to 46 - KA Series Lines_____My working copy.dwg,Model,30/07/2021 4:19:37 PM,HP15-ZBOOK,AutoCAD PDF (High Quality Print).pc3,ISO A3 (297.00 x 420.00 MM),1:800,
C:\Users\HP15-ZBOOK\OneDrive\Documents\KAKANUI RIVER SURVEY\Kakanui-River-Survey-2021\___KakanuiXS Lines 19  to 46 - KA Series Lines_____My working copy.dwg,Model,30/07/2021 5:17:08 PM,HP15-ZBOOK,AutoCAD PDF (High Quality Print).pc3,ISO A3 (297.00 x 420.00 MM),1:800,
C:\Users\HP15-ZBOOK\OneDrive\Documents\KAKANUI RIVER SURVEY\Kakanui-River-Survey-2021\___KakanuiXS Lines 19  to 46 - KA Series Lines_____My working copy.dwg,Model,30/07/2021 5:17:50 PM,HP15-ZBOOK,AutoCAD PDF (High Quality Print).pc3,ISO A3 (297.00 x 420.00 MM),1:800,
C:\Users\HP15-ZBOOK\OneDrive\Documents\KAKANUI RIVER SURVEY\Kakanui-River-Survey-2021\___KakanuiXS Lines 1  to18 - KA Series Lines____UNPLOTTED KA13 KA4  - Copy.dwg,Model,2/08/2021 1:52:34 PM,HP15-ZBOOK,AutoCAD PDF (High Quality Print).pc3,ISO A3 (297.00 x 420.00 MM),1:800,
C:\Users\HP15-ZBOOK\OneDrive\Documents\KAKANUI RIVER SURVEY\Kakanui-River-Survey-2021\___KakanuiXS Lines 19  to 46 - KA Series Lines_____My working copy.dwg,Model,2/08/2021 3:28:19 PM,HP15-ZBOOK,AutoCAD PDF (High Quality Print).pc3,ISO A3 (297.00 x 420.00 MM),1:800,
C:\Users\HP15-ZBOOK\OneDrive\Documents\KAKANUI RIVER SURVEY\Kakanui-River-Survey-2021\___KakanuiXS Lines 19  to 46 - KA Series Lines_____My working copy.dwg,Model,2/08/2021 3:33:14 PM,HP15-ZBOOK,AutoCAD PDF (High Quality Print).pc3,ISO A3 (297.00 x 420.00 MM),1:800,
C:\Users\HP15-ZBOOK\OneDrive\Documents\KAKANUI RIVER SURVEY\Kakanui-River-Survey-2021\___KakanuiXS Lines 19  to 46 - KA Series Lines_____My working copy.dwg,Model,2/08/2021 3:36:22 PM,HP15-ZBOOK,AutoCAD PDF (High Quality Print).pc3,ISO A3 (297.00 x 420.00 MM),1:800,
C:\Users\HP15-ZBOOK\OneDrive\Documents\KAKANUI RIVER SURVEY\Kakanui-River-Survey-2021\___KakanuiXS Lines 1  to18 - KA Series Lines____UNPLOTTED KA13 KA4  - Copy.dwg,Model,2/08/2021 3:52:11 PM,HP15-ZBOOK,AutoCAD PDF (High Quality Print).pc3,ISO A3 (297.00 x 420.00 MM),1:800,
C:\Users\HP15-ZBOOK\OneDrive\Documents\KAKANUI RIVER SURVEY\Kakanui-River-Survey-2021\___KakanuiXS Lines 19  to 46 - KA Series Lines_____My working copy.dwg,Model,2/08/2021 3:58:19 PM,HP15-ZBOOK,AutoCAD PDF (High Quality Print).pc3,ISO A3 (297.00 x 420.00 MM),1:800,
C:\Users\HP15-ZBOOK\OneDrive\Documents\KAKANUI RIVER SURVEY\Kakanui-River-Survey-2021\___KakanuiXS Lines 19  to 46 - KA Series Lines_____My working copy-TUESDAY.dwg,Model,5/08/2021 10:55:57 AM,HP15-ZBOOK,AutoCAD PDF (High Quality Print).pc3,ISO A3 (297.00 x 420.00 MM),1:800,
C:\Users\HP15-ZBOOK\OneDrive\Documents\KAKANUI RIVER SURVEY\Kakanui-River-Survey-2021\___KakanuiXS Lines 19  to 46 - KA Series Lines_____My working copy-TUESDAY.dwg,Model,5/08/2021 10:57:49 AM,HP15-ZBOOK,AutoCAD PDF (High Quality Print).pc3,ISO A3 (297.00 x 420.00 MM),1:800,
C:\Users\HP15-ZBOOK\OneDrive\Documents\KAKANUI RIVER SURVEY\Kakanui-River-Survey-2021\___KakanuiXS Lines 19  to 46 - KA Series Lines_____My working copy-TUESDAY.dwg,Model,5/08/2021 11:49:51 AM,HP15-ZBOOK,AutoCAD PDF (High Quality Print).pc3,ISO A3 (297.00 x 420.00 MM),1:800,
C:\Users\HP15-ZBOOK\OneDrive\Documents\KAKANUI RIVER SURVEY\Kakanui-River-Survey-2021\___KakanuiXS Lines 19  to 46 - KA Series Lines_____My working copy-TUESDAY.dwg,Model,5/08/2021 11:52:18 AM,HP15-ZBOOK,AutoCAD PDF (High Quality Print).pc3,ISO A3 (297.00 x 420.00 MM),1:800,
